(   0.000111125) [ReadFile] Reading file: actual.input
(   0.000197542) [ReadFile: actual.input] Done. Duration: [95.792µs].
(   0.000238875) [Solve] Starting.
(   0.000647750) [Solve]    0: .#?#???????.????#?.#?#???????.????#?.#?#???????.????#?.#?#???????.????#?.#?#???????.????# 1,2,3,2,1,1,2,3,2,1,1,2,3,2,1,1,2,3,2,1,1,2,3,2,1
(   0.223427625) [Solve]    0: .#?#???????.????#?.#?#???????.????#?.#?#???????.????#?.#?#???????.????#?.#?#???????.????# 1,2,3,2,1,1,2,3,2,1,1,2,3,2,1,1,2,3,2,1,1,2,3,2,1 = 49762
(   0.223455500) [Solve]    1: ?????????????????????????????????????????????????????? 1,1,4,1,1,4,1,1,4,1,1,4,1,1,4
(   6.032103292) [Solve]    1: ?????????????????????????????????????????????????????? 1,1,4,1,1,4,1,1,4,1,1,4,1,1,4 = 3268760
(   6.032163833) [Solve]    2: ????.??.??.????????.??.??.????????.??.??.????????.??.??.????????.??.??.??? 1,2,1,2,1,2,1,2,1,2
(17:26.721453042) [Solve]    2: ????.??.??.????????.??.??.????????.??.??.????????.??.??.????????.??.??.??? 1,2,1,2,1,2,1,2,1,2 = 1604643275
(17:26.721495083) [Solve]    3: ??????#??????.????????#??????.????????#??????.????????#??????.????????#??????.? 2,4,1,1,1,2,4,1,1,1,2,4,1,1,1,2,4,1,1,1,2,4,1,1,1
(17:57.954947875) [Solve]    3: ??????#??????.????????#??????.????????#??????.????????#??????.????????#??????.? 2,4,1,1,1,2,4,1,1,1,2,4,1,1,1,2,4,1,1,1,2,4,1,1,1 = 7822159
(17:57.955024708) [Solve]    4: ?.?#??.?.#####??????.?#??.?.#####??????.?#??.?.#####??????.?#??.?.#####??????.?#??.?.#####???? 2,9,2,9,2,9,2,9,2,9
(17:57.955427333) [Solve]    4: ?.?#??.?.#####??????.?#??.?.#####??????.?#??.?.#####??????.?#??.?.#####??????.?#??.?.#####???? 2,9,2,9,2,9,2,9,2,9 = 32
(17:57.955439667) [Solve]    5: ???#?.??.????????#?.??.????????#?.??.????????#?.??.????????#?.??.???? 3,1,1,3,1,1,3,1,1,3,1,1,3,1,1
(19:20.046458208) [Solve]    5: ???#?.??.????????#?.??.????????#?.??.????????#?.??.????????#?.??.???? 3,1,1,3,1,1,3,1,1,3,1,1,3,1,1 = 93618960
(19:20.046487750) [Solve]    6: .???????.?#?.???????.?#?.???????.?#?.???????.?#?.???????.?# 2,3,2,2,3,2,2,3,2,2,3,2,2,3,2
(19:20.063237958) [Solve]    6: .???????.?#?.???????.?#?.???????.?#?.???????.?#?.???????.?# 2,3,2,2,3,2,2,3,2,2,3,2,2,3,2 = 3888
(19:20.063252375) [Solve]    7: ?.#????#??.#???.#????#??.#???.#????#??.#???.#????#??.#???.#????#??.#? 4,3,1,4,3,1,4,3,1,4,3,1,4,3,1
(19:20.063292208) [Solve]    7: ?.#????#??.#???.#????#??.#???.#????#??.#???.#????#??.#???.#????#??.#? 4,3,1,4,3,1,4,3,1,4,3,1,4,3,1 = 1
(19:20.063298667) [Solve]    8: ..?????.??????###???..?????.??????###???..?????.??????###???..?????.??????###???..?????.??????###?? 1,6,1,6,1,6,1,6,1,6
(19:55.789668917) [Solve]    8: ..?????.??????###???..?????.??????###???..?????.??????###???..?????.??????###???..?????.??????###?? 1,6,1,6,1,6,1,6,1,6 = 43306914
(19:55.789699042) [Solve]    9: .####?????#.?.?#??.####?????#.?.?#??.####?????#.?.?#??.####?????#.?.?#??.####?????#.?.?#? 7,1,2,7,1,2,7,1,2,7,1,2,7,1,2
(19:55.789896833) [Solve]    9: .####?????#.?.?#??.####?????#.?.?#??.####?????#.?.?#??.####?????#.?.?#??.####?????#.?.?#? 7,1,2,7,1,2,7,1,2,7,1,2,7,1,2 = 32
(19:55.789901083) [Solve]   10: #????#????.??????.#??#????#????.??????.#??#????#????.??????.#??#????#????.??????.#??#????#????.??????.#? 1,1,5,2,1,2,1,1,5,2,1,2,1,1,5,2,1,2,1,1,5,2,1,2,1,1,5,2,1,2
(20:02.173859167) [Solve]   10: #????#????.??????.#??#????#????.??????.#??#????#????.??????.#??#????#????.??????.#??#????#????.??????.#? 1,1,5,2,1,2,1,1,5,2,1,2,1,1,5,2,1,2,1,1,5,2,1,2,1,1,5,2,1,2 = 1889568
(20:02.173888208) [Solve]   11: .??#?.#???#??.??#?.#???#??.??#?.#???#??.??#?.#???#??.??#?.#???#? 1,1,1,1,1,1,1,1,1,1,1,1,1,1,1,1,1,1,1,1
(20:02.204410542) [Solve]   11: .??#?.#???#??.??#?.#???#??.??#?.#???#??.??#?.#???#??.??#?.#???#? 1,1,1,1,1,1,1,1,1,1,1,1,1,1,1,1,1,1,1,1 = 2002
(20:02.204430208) [Solve]   12: .??#???##.???????.??#???##.???????.??#???##.???????.??#???##.???????.??#???##.?????? 7,2,1,7,2,1,7,2,1,7,2,1,7,2,1
(20:02.301372542) [Solve]   12: .??#???##.???????.??#???##.???????.??#???##.???????.??#???##.???????.??#???##.?????? 7,2,1,7,2,1,7,2,1,7,2,1,7,2,1 = 60000
(20:02.301394542) [Solve]   13: ????????????.??#???.?????????????.??#???.?????????????.??#???.?????????????.??#???.?????????????.??#???. 1,1,7,1,1,1,1,7,1,1,1,1,7,1,1,1,1,7,1,1,1,1,7,1,1
(57:24.590609917) [Solve]   13: ????????????.??#???.?????????????.??#???.?????????????.??#???.?????????????.??#???.?????????????.??#???. 1,1,7,1,1,1,1,7,1,1,1,1,7,1,1,1,1,7,1,1,1,1,7,1,1 = 890519140
(57:24.590660833) [Solve]   14: ?????????#??????????#??????????#??????????#??????????# 1,5,1,1,5,1,1,5,1,1,5,1,1,5,1
(57:24.592913167) [Solve]   14: ?????????#??????????#??????????#??????????#??????????# 1,5,1,1,5,1,1,5,1,1,5,1,1,5,1 = 243
(57:24.592921458) [Solve]   15: ?#?.#????#????#??????#?.#????#????#??????#?.#????#????#??????#?.#????#????#??????#?.#????#????#???? 2,2,1,4,1,2,2,1,4,1,2,2,1,4,1,2,2,1,4,1,2,2,1,4,1
(57:43.470716208) [Solve]   15: ?#?.#????#????#??????#?.#????#????#??????#?.#????#????#??????#?.#????#????#??????#?.#????#????#???? 2,2,1,4,1,2,2,1,4,1,2,2,1,4,1,2,2,1,4,1,2,2,1,4,1 = 6838688
(57:43.470740625) [Solve]   16: ?.??#????###??.??#????###??.??#????###??.??#????###??.??#????### 3,3,3,3,3,3,3,3,3,3
(57:43.471567625) [Solve]   16: ?.??#????###??.??#????###??.??#????###??.??#????###??.??#????### 3,3,3,3,3,3,3,3,3,3 = 243
(57:43.471572125) [Solve]   17: ????##??????##??.?????##??????##??.?????##??????##??.?????##??????##??.?????##??????##??. 1,3,9,1,3,9,1,3,9,1,3,9,1,3,9
(57:43.472682542) [Solve]   17: ????##??????##??.?????##??????##??.?????##??????##??.?????##??????##??.?????##??????##??. 1,3,9,1,3,9,1,3,9,1,3,9,1,3,9 = 162
(57:43.472689042) [Solve]   18: .????????.?.????????.?.????????.?.????????.?.????????. 1,2,1,2,1,2,1,2,1,2
(57:59.426060125) [Solve]   18: .????????.?.????????.?.????????.?.????????.?.????????. 1,2,1,2,1,2,1,2,1,2 = 19658594
(57:59.426121458) [Solve]   19: ?#.????#..??#.????#..??#.????#..??#.????#..??#.????#.. 1,2,1,1,2,1,1,2,1,1,2,1,1,2,1
(57:59.428526375) [Solve]   19: ?#.????#..??#.????#..??#.????#..??#.????#..??#.????#.. 1,2,1,1,2,1,1,2,1,1,2,1,1,2,1 = 342
(57:59.428535000) [Solve]   20: ?.??#????.##??.??.??#????.##??.??.??#????.##??.??.??#????.##??.??.??#????.##??. 1,1,3,1,4,1,1,3,1,4,1,1,3,1,4,1,1,3,1,4,1,1,3,1,4
(57:59.428807667) [Solve]   20: ?.??#????.##??.??.??#????.##??.??.??#????.##??.??.??#????.##??.??.??#????.##??. 1,1,3,1,4,1,1,3,1,4,1,1,3,1,4,1,1,3,1,4,1,1,3,1,4 = 16
(57:59.428816375) [Solve]   21: .??.??#?##?##???.??.??#?##?##???.??.??#?##?##???.??.??#?##?##???.??.??#?##?##?? 1,5,2,1,5,2,1,5,2,1,5,2,1,5,2
(57:59.435385000) [Solve]   21: .??.??#?##?##???.??.??#?##?##???.??.??#?##?##???.??.??#?##?##???.??.??#?##?##?? 1,5,2,1,5,2,1,5,2,1,5,2,1,5,2 = 1080
(57:59.435398875) [Solve]   22: ?#.?????.?#????#.?????.?#????#.?????.?#????#.?????.?#????#.?????.?#?? 1,1,2,1,1,1,2,1,1,1,2,1,1,1,2,1,1,1,2,1
(58:27.815352875) [Solve]   22: ?#.?????.?#????#.?????.?#????#.?????.?#????#.?????.?#????#.?????.?#?? 1,1,2,1,1,1,2,1,1,1,2,1,1,1,2,1,1,1,2,1 = 9239057
(58:27.815427875) [Solve]   23: ?#??.?#?#??????#?#???#??.?#?#??????#?#???#??.?#?#??????#?#???#??.?#?#??????#?#???#??.?#?#??????#?#? 3,14,3,14,3,14,3,14,3,14
(58:27.815981000) [Solve]   23: ?#??.?#?#??????#?#???#??.?#?#??????#?#???#??.?#?#??????#?#???#??.?#?#??????#?#???#??.?#?#??????#?#? 3,14,3,14,3,14,3,14,3,14 = 162
(58:27.815990125) [Solve]   24: #???##??.???#???##??.???#???##??.???#???##??.???#???##??.?? 8,1,8,1,8,1,8,1,8,1
(58:27.816302667) [Solve]   24: #???##??.???#???##??.???#???##??.???#???##??.???#???##??.?? 8,1,8,1,8,1,8,1,8,1 = 162
(58:27.816307292) [Solve]   25: #?.#??????##?.??#?.#??????##?.??#?.#??????##?.??#?.#??????##?.??#?.#??????##?.? 1,1,7,1,1,1,7,1,1,1,7,1,1,1,7,1,1,1,7,1
(58:27.816653875) [Solve]   25: #?.#??????##?.??#?.#??????##?.??#?.#??????##?.??#?.#??????##?.??#?.#??????##?.? 1,1,7,1,1,1,7,1,1,1,7,1,1,1,7,1,1,1,7,1 = 32
(58:27.816660500) [Solve]   26: ??.#??#??#???.#??#??#???.#??#??#???.#??#??#???.#??#??# 1,1,5,1,1,5,1,1,5,1,1,5,1,1,5
(58:27.817517625) [Solve]   26: ??.#??#??#???.#??#??#???.#??#??#???.#??#??#???.#??#??# 1,1,5,1,1,5,1,1,5,1,1,5,1,1,5 = 162
(58:27.817522375) [Solve]   27: ??#???##?###??.??????#???##?###??.??????#???##?###??.??????#???##?###??.??????#???##?###??.??? 13,1,1,13,1,1,13,1,1,13,1,1,13,1,1
(58:27.820270333) [Solve]   27: ??#???##?###??.??????#???##?###??.??????#???##?###??.??????#???##?###??.??????#???##?###??.??? 13,1,1,13,1,1,13,1,1,13,1,1,13,1,1 = 512
(58:27.820279625) [Solve]   28: ?##????#???????##????#???????##????#???????##????#???????##????#????? 9,1,9,1,9,1,9,1,9,1
(58:27.842437250) [Solve]   28: ?##????#???????##????#???????##????#???????##????#???????##????#????? 9,1,9,1,9,1,9,1,9,1 = 24075
(58:27.842456750) [Solve]   29: ?.??.##?.????.??.##?.????.??.##?.????.??.##?.????.??.##?.?? 1,3,1,3,1,3,1,3,1,3
(58:27.853382042) [Solve]   29: ?.??.##?.????.??.##?.????.??.##?.????.??.##?.????.??.##?.?? 1,3,1,3,1,3,1,3,1,3 = 3888
(58:27.853396625) [Solve]   30: ?#??#?.?????#??#?.?????#??#?.?????#??#?.?????#??#?.??? 5,1,1,5,1,1,5,1,1,5,1,1,5,1,1
(58:27.856270958) [Solve]   30: ?#??#?.?????#??#?.?????#??#?.?????#??#?.?????#??#?.??? 5,1,1,5,1,1,5,1,1,5,1,1,5,1,1 = 512
(58:27.856283458) [Solve]   31: ???#?#?.???#?#?#.????#?#?.???#?#?#.????#?#?.???#?#?#.????#?#?.???#?#?#.????#?#?.???#?#?#. 6,8,6,8,6,8,6,8,6,8
(58:27.856446292) [Solve]   31: ???#?#?.???#?#?#.????#?#?.???#?#?#.????#?#?.???#?#?#.????#?#?.???#?#?#.????#?#?.???#?#?#. 6,8,6,8,6,8,6,8,6,8 = 32
(58:27.856450750) [Solve]   32: ??..?#?#????????..?#?#????????..?#?#????????..?#?#????????..?#?#????? 2,5,1,1,2,5,1,1,2,5,1,1,2,5,1,1,2,5,1,1
(58:27.856678333) [Solve]   32: ??..?#?#????????..?#?#????????..?#?#????????..?#?#????????..?#?#????? 2,5,1,1,2,5,1,1,2,5,1,1,2,5,1,1,2,5,1,1 = 1
(58:27.856684958) [Solve]   33: #?#?##.??.?#??#?.???#?#?##.??.?#??#?.???#?#?##.??.?#??#?.???#?#?##.??.?#??#?.???#?#?##.??.?#??#?.?? 6,1,5,2,6,1,5,2,6,1,5,2,6,1,5,2,6,1,5,2
(58:27.860855292) [Solve]   33: #?#?##.??.?#??#?.???#?#?##.??.?#??#?.???#?#?##.??.?#??#?.???#?#?##.??.?#??#?.???#?#?##.??.?#??#?.?? 6,1,5,2,6,1,5,2,6,1,5,2,6,1,5,2,6,1,5,2 = 1024
(58:27.860864708) [Solve]   34: ?.??#.#???????????.??#.#???????????.??#.#???????????.??#.#???????????.??#.#????????? 1,3,1,1,2,1,3,1,1,2,1,3,1,1,2,1,3,1,1,2,1,3,1,1,2
(59:15.106077417) [Solve]   34: ?.??#.#???????????.??#.#???????????.??#.#???????????.??#.#???????????.??#.#????????? 1,3,1,1,2,1,3,1,1,2,1,3,1,1,2,1,3,1,1,2,1,3,1,1,2 = 32345565
(59:15.106138625) [Solve]   35: ?.??.????#?.???#?????.??.????#?.???#?????.??.????#?.???#?????.??.????#?.???#?????.??.????#?.???#??? 1,1,1,3,7,1,1,1,3,7,1,1,1,3,7,1,1,1,3,7,1,1,1,3,7
(59:15.157129750) [Solve]   35: ?.??.????#?.???#?????.??.????#?.???#?????.??.????#?.???#?????.??.????#?.???#?????.??.????#?.???#??? 1,1,1,3,7,1,1,1,3,7,1,1,1,3,7,1,1,1,3,7,1,1,1,3,7 = 7776
(59:15.157183500) [Solve]   36: ??###?.??##?#????###?.??##?#????###?.??##?#????###?.??##?#????###?.??##?#? 5,5,5,5,5,5,5,5,5,5
(59:15.159052708) [Solve]   36: ??###?.??##?#????###?.??##?#????###?.??##?#????###?.??##?#????###?.??##?#? 5,5,5,5,5,5,5,5,5,5 = 1024
(59:15.159066167) [Solve]   37: ????#???.???#???????#???.???#???????#???.???#???????#???.???#???????#???.???#?? 7,2,7,2,7,2,7,2,7,2
(59:15.184486708) [Solve]   37: ????#???.???#???????#???.???#???????#???.???#???????#???.???#???????#???.???#?? 7,2,7,2,7,2,7,2,7,2 = 9604
(59:15.184512125) [Solve]   38: ????.?????#?????.?????#?????.?????#?????.?????#?????.?????# 3,1,3,1,3,1,3,1,3,1
(59:16.449089458) [Solve]   38: ????.?????#?????.?????#?????.?????#?????.?????#?????.?????# 3,1,3,1,3,1,3,1,3,1 = 412144
(59:16.449156958) [Solve]   39: #?##??.?.?##??#?#?#?#?##??.?.?##??#?#?#?#?##??.?.?##??#?#?#?#?##??.?.?##??#?#?#?#?##??.?.?##??#?#?# 5,1,7,1,5,1,7,1,5,1,7,1,5,1,7,1,5,1,7,1
(59:16.449201083) [Solve]   39: #?##??.?.?##??#?#?#?#?##??.?.?##??#?#?#?#?##??.?.?##??#?#?#?#?##??.?.?##??#?#?#?#?##??.?.?##??#?#?# 5,1,7,1,5,1,7,1,5,1,7,1,5,1,7,1,5,1,7,1 = 1
(59:16.449205250) [Solve]   40: ??##.#?.#?..?????##.#?.#?..?????##.#?.#?..?????##.#?.#?..?????##.#?.#?..?? 4,1,2,1,4,1,2,1,4,1,2,1,4,1,2,1,4,1,2,1
(59:16.449462417) [Solve]   40: ??##.#?.#?..?????##.#?.#?..?????##.#?.#?..?????##.#?.#?..?????##.#?.#?..?? 4,1,2,1,4,1,2,1,4,1,2,1,4,1,2,1,4,1,2,1 = 32
(59:16.449467417) [Solve]   41: ????.???..#?#??????.???..#?#??????.???..#?#??????.???..#?#??????.???..#?#? 4,2,3,4,2,3,4,2,3,4,2,3,4,2,3
(59:16.451546458) [Solve]   41: ????.???..#?#??????.???..#?#??????.???..#?#??????.???..#?#??????.???..#?#? 4,2,3,4,2,3,4,2,3,4,2,3,4,2,3 = 512
(59:16.451561333) [Solve]   42: ???????#.?????????????#.?????????????#.?????????????#.?????????????#.????? 1,6,4,1,6,4,1,6,4,1,6,4,1,6,4
(59:16.452333542) [Solve]   42: ???????#.?????????????#.?????????????#.?????????????#.?????????????#.????? 1,6,4,1,6,4,1,6,4,1,6,4,1,6,4 = 162
(59:16.452347375) [Solve]   43: #??????#..?.??.?#????#??????#..?.??.?#????#??????#..?.??.?#????#??????#..?.??.?#????#??????#..?.??.?#??? 3,4,1,1,3,1,3,4,1,1,3,1,3,4,1,1,3,1,3,4,1,1,3,1,3,4,1,1,3,1
(59:16.453282417) [Solve]   43: #??????#..?.??.?#????#??????#..?.??.?#????#??????#..?.??.?#????#??????#..?.??.?#????#??????#..?.??.?#??? 3,4,1,1,3,1,3,4,1,1,3,1,3,4,1,1,3,1,3,4,1,1,3,1,3,4,1,1,3,1 = 32
(59:16.453292625) [Solve]   44: ?#?##?..#????#?##?..#????#?##?..#????#?##?..#????#?##?..#?? 4,1,4,1,4,1,4,1,4,1
(59:16.453335833) [Solve]   44: ?#?##?..#????#?##?..#????#?##?..#????#?##?..#????#?##?..#?? 4,1,4,1,4,1,4,1,4,1 = 1
(59:16.453339000) [Solve]   45: ?##???.#???#?#?????##???.#???#?#?????##???.#???#?#?????##???.#???#?#?????##???.#???#?#??? 4,1,3,1,4,1,3,1,4,1,3,1,4,1,3,1,4,1,3,1
(59:16.601796750) [Solve]   45: ?##???.#???#?#?????##???.#???#?#?????##???.#???#?#?????##???.#???#?#?????##???.#???#?#??? 4,1,3,1,4,1,3,1,4,1,3,1,4,1,3,1,4,1,3,1 = 39366
(59:16.601845500) [Solve]   46: .?#??##?????#??.?#??##?????#??.?#??##?????#??.?#??##?????#??.?#??##?????#? 8,3,8,3,8,3,8,3,8,3
(59:16.605058375) [Solve]   46: .?#??##?????#??.?#??##?????#??.?#??##?????#??.?#??##?????#??.?#??##?????#? 8,3,8,3,8,3,8,3,8,3 = 1875
(59:16.605062500) [Solve]   47: ?.?.?????#??????#????.?.?????#??????#????.?.?????#??????#????.?.?????#??????#????.?.?????#??????#?? 1,8,3,1,1,8,3,1,1,8,3,1,1,8,3,1,1,8,3,1
(59:24.171283208) [Solve]   47: ?.?.?????#??????#????.?.?????#??????#????.?.?????#??????#????.?.?????#??????#????.?.?????#??????#?? 1,8,3,1,1,8,3,1,1,8,3,1,1,8,3,1,1,8,3,1 = 1614074
(59:24.171340792) [Solve]   48: ????#?.??#????.?????#?.??#????.?????#?.??#????.?????#?.??#????.?????#?.??#????. 4,5,4,5,4,5,4,5,4,5
(59:24.182875000) [Solve]   48: ????#?.??#????.?????#?.??#????.?????#?.??#????.?????#?.??#????.?????#?.??#????. 4,5,4,5,4,5,4,5,4,5 = 7776
(59:24.182896292) [Solve]   49: ?#..#??????#?.???#..#??????#?.???#..#??????#?.???#..#??????#?.???#..#??????#?.? 1,1,5,1,1,1,5,1,1,1,5,1,1,1,5,1,1,1,5,1
(59:24.189436375) [Solve]   49: ?#..#??????#?.???#..#??????#?.???#..#??????#?.???#..#??????#?.???#..#??????#?.? 1,1,5,1,1,1,5,1,1,1,5,1,1,1,5,1,1,1,5,1 = 1250
(59:24.189453000) [Solve]   50: ??##??#??.?.???##??#??.?.???##??#??.?.???##??#??.?.???##??#??.?. 2,3,2,3,2,3,2,3,2,3
(59:24.189902792) [Solve]   50: ??##??#??.?.???##??#??.?.???##??#??.?.???##??#??.?.???##??#??.?. 2,3,2,3,2,3,2,3,2,3 = 32
(59:24.189911250) [Solve]   51: .??????.#????.??????.#????.??????.#????.??????.#????.??????.#??? 5,3,5,3,5,3,5,3,5,3
(59:24.190403375) [Solve]   51: .??????.#????.??????.#????.??????.#????.??????.#????.??????.#??? 5,3,5,3,5,3,5,3,5,3 = 32
(59:24.190413875) [Solve]   52: ????????#????????????#????????????#????????????#????????????#??? 2,2,1,1,2,2,1,1,2,2,1,1,2,2,1,1,2,2,1,1
(1:00:56.643434000) [Solve]   52: ????????#????????????#????????????#????????????#????????????#??? 2,2,1,1,2,2,1,1,2,2,1,1,2,2,1,1,2,2,1,1 = 29513277
(1:00:56.643495417) [Solve]   53: ..#?#?##???????#???..#?#?##???????#???..#?#?##???????#???..#?#?##???????#???..#?#?##???????#?? 8,4,8,4,8,4,8,4,8,4
(1:00:56.644758167) [Solve]   53: ..#?#?##???????#???..#?#?##???????#???..#?#?##???????#???..#?#?##???????#???..#?#?##???????#?? 8,4,8,4,8,4,8,4,8,4 = 768
(1:00:56.644766792) [Solve]   54: ?????.??????.#?#?????????.??????.#?#?????????.??????.#?#?????????.??????.#?#?????????.??????.#?#??? 3,6,1,1,1,3,6,1,1,1,3,6,1,1,1,3,6,1,1,1,3,6,1,1,1
(1:00:56.916699500) [Solve]   54: ?????.??????.#?#?????????.??????.#?#?????????.??????.#?#?????????.??????.#?#?????????.??????.#?#??? 3,6,1,1,1,3,6,1,1,1,3,6,1,1,1,3,6,1,1,1,3,6,1,1,1 = 60000
(1:00:56.916748250) [Solve]   55: .??.??.#?#.#?????#.#?.??.??.#?#.#?????#.#?.??.??.#?#.#?????#.#?.??.??.#?#.#?????#.#?.??.??.#?#.#?????#.# 2,1,1,1,7,1,2,1,1,1,7,1,2,1,1,1,7,1,2,1,1,1,7,1,2,1,1,1,7,1
(1:00:56.917320833) [Solve]   55: .??.??.#?#.#?????#.#?.??.??.#?#.#?????#.#?.??.??.#?#.#?????#.#?.??.??.#?#.#?????#.#?.??.??.#?#.#?????#.# 2,1,1,1,7,1,2,1,1,1,7,1,2,1,1,1,7,1,2,1,1,1,7,1,2,1,1,1,7,1 = 32
(1:00:56.917326625) [Solve]   56: ..??.????????#????..??.????????#????..??.????????#????..??.????????#????..??.????????#??? 1,9,1,9,1,9,1,9,1,9
(1:00:58.427535208) [Solve]   56: ..??.????????#????..??.????????#????..??.????????#????..??.????????#????..??.????????#??? 1,9,1,9,1,9,1,9,1,9 = 1962279
(1:00:58.427573542) [Solve]   57: ??.?????#?.???????.?????#?.???????.?????#?.???????.?????#?.???????.?????#?.???? 1,3,1,3,1,3,1,3,1,3,1,3,1,3,1,3,1,3,1,3
(1:01:36.245325208) [Solve]   57: ??.?????#?.???????.?????#?.???????.?????#?.???????.?????#?.???????.?????#?.???? 1,3,1,3,1,3,1,3,1,3,1,3,1,3,1,3,1,3,1,3 = 3610848
(1:01:36.245354000) [Solve]   58: ???.?.#?????????.?.#?????????.?.#?????????.?.#?????????.?.#????? 2,1,3,2,1,3,2,1,3,2,1,3,2,1,3
(1:01:36.817196792) [Solve]   58: ???.?.#?????????.?.#?????????.?.#?????????.?.#?????????.?.#????? 2,1,3,2,1,3,2,1,3,2,1,3,2,1,3 = 260732
(1:01:36.817223000) [Solve]   59: .#??????????.#??????????.#??????????.#??????????.#????????? 1,5,1,1,5,1,1,5,1,1,5,1,1,5,1
(1:01:36.849640625) [Solve]   59: .#??????????.#??????????.#??????????.#??????????.#????????? 1,5,1,1,5,1,1,5,1,1,5,1,1,5,1 = 15160
(1:01:36.849662667) [Solve]   60: ????#??.???#??????????#??.???#??????????#??.???#??????????#??.???#??????????#??.???#????? 2,8,2,8,2,8,2,8,2,8
(1:01:36.886617833) [Solve]   60: ????#??.???#??????????#??.???#??????????#??.???#??????????#??.???#??????????#??.???#????? 2,8,2,8,2,8,2,8,2,8 = 16384
(1:01:36.886632583) [Solve]   61: ????.??.??#?????????.??.??#?????????.??.??#?????????.??.??#?????????.??.??#???? 2,1,1,2,1,1,2,1,1,2,1,1,2,1,1
(2:02:52.010322500) [Solve]   61: ????.??.??#?????????.??.??#?????????.??.??#?????????.??.??#?????????.??.??#???? 2,1,1,2,1,1,2,1,1,2,1,1,2,1,1 = 1823921257
(2:02:52.010389667) [Solve]   62: ..?.???????..?.???????..?.???????..?.???????..?.?????? 1,4,1,4,1,4,1,4,1,4
(2:02:52.046594458) [Solve]   62: ..?.???????..?.???????..?.???????..?.???????..?.?????? 1,4,1,4,1,4,1,4,1,4 = 27064
(2:02:52.046631875) [Solve]   63: ?#?#.#??.?#??#.?????#?#.#??.?#??#.?????#?#.#??.?#??#.?????#?#.#??.?#??#.?????#?#.#??.?#??#.??? 3,3,4,1,1,3,3,4,1,1,3,3,4,1,1,3,3,4,1,1,3,3,4,1,1
(2:02:52.047662833) [Solve]   63: ?#?#.#??.?#??#.?????#?#.#??.?#??#.?????#?#.#??.?#??#.?????#?#.#??.?#??#.?????#?#.#??.?#??#.??? 3,3,4,1,1,3,3,4,1,1,3,3,4,1,1,3,3,4,1,1,3,3,4,1,1 = 81
(2:02:52.047673083) [Solve]   64: .#..???.???.#..???.???.#..???.???.#..???.???.#..???.?? 1,2,1,2,1,2,1,2,1,2
(2:02:52.050115417) [Solve]   64: .#..???.???.#..???.???.#..???.???.#..???.???.#..???.?? 1,2,1,2,1,2,1,2,1,2 = 768
(2:02:52.050123458) [Solve]   65: ?.??#??#???#??.??#??#???#??.??#??#???#??.??#??#???#??.??#??#???# 2,2,1,2,2,1,2,2,1,2,2,1,2,2,1
(2:02:52.052851917) [Solve]   65: ?.??#??#???#??.??#??#???#??.??#??#???#??.??#??#???#??.??#??#???# 2,2,1,2,2,1,2,2,1,2,2,1,2,2,1 = 243
(2:02:52.052864583) [Solve]   66: ##???.????????##???.????????##???.????????##???.????????##???.??????? 5,1,2,5,1,2,5,1,2,5,1,2,5,1,2
(2:02:55.174377917) [Solve]   66: ##???.????????##???.????????##???.????????##???.????????##???.??????? 5,1,2,5,1,2,5,1,2,5,1,2,5,1,2 = 3823000
(2:02:55.174444792) [Solve]   67: .#???##??????.??#?.#???##??????.??#?.#???##??????.??#?.#???##??????.??#?.#???##??????.??# 1,5,2,1,3,1,5,2,1,3,1,5,2,1,3,1,5,2,1,3,1,5,2,1,3
(2:02:55.174807917) [Solve]   67: .#???##??????.??#?.#???##??????.??#?.#???##??????.??#?.#???##??????.??#?.#???##??????.??# 1,5,2,1,3,1,5,2,1,3,1,5,2,1,3,1,5,2,1,3,1,5,2,1,3 = 16
(2:02:55.174817167) [Solve]   68: #.?.??#??????#.?.??#??????#.?.??#??????#.?.??#??????#.?.??#????? 1,1,3,1,1,1,3,1,1,1,3,1,1,1,3,1,1,1,3,1
(2:02:56.010850958) [Solve]   68: #.?.??#??????#.?.??#??????#.?.??#??????#.?.??#??????#.?.??#????? 1,1,3,1,1,1,3,1,1,1,3,1,1,1,3,1,1,1,3,1 = 633371
(2:02:56.010902292) [Solve]   69: .??##?#.?#?#??#?.??##?#.?#?#??#?.??##?#.?#?#??#?.??##?#.?#?#??#?.??##?#.?#?#??# 5,1,1,1,5,1,1,1,5,1,1,1,5,1,1,1,5,1,1,1
(2:02:56.010954208) [Solve]   69: .??##?#.?#?#??#?.??##?#.?#?#??#?.??##?#.?#?#??#?.??##?#.?#?#??#?.??##?#.?#?#??# 5,1,1,1,5,1,1,1,5,1,1,1,5,1,1,1,5,1,1,1 = 1
(2:02:56.010959792) [Solve]   70: ?????#?.??.?.?#?????????#?.??.?.?#?????????#?.??.?.?#?????????#?.??.?.?#?????????#?.??.?.?#??? 1,2,2,1,1,1,1,2,2,1,1,1,1,2,2,1,1,1,1,2,2,1,1,1,1,2,2,1,1,1
(2:29:53.974818333) [Solve]   70: ?????#?.??.?.?#?????????#?.??.?.?#?????????#?.??.?.?#?????????#?.??.?.?#?????????#?.??.?.?#??? 1,2,2,1,1,1,1,2,2,1,1,1,1,2,2,1,1,1,1,2,2,1,1,1,1,2,2,1,1,1 = 487265850
(2:29:53.974882625) [Solve]   71: ??##?????????##?????????##?????????##?????????##?????? 1,5,1,1,5,1,1,5,1,1,5,1,1,5,1
(2:29:53.978193292) [Solve]   71: ??##?????????##?????????##?????????##?????????##?????? 1,5,1,1,5,1,1,5,1,1,5,1,1,5,1 = 2388
(2:29:53.978202375) [Solve]   72: .?.???????#.???.?.???????#.???.?.???????#.???.?.???????#.???.?.???????#.?? 1,3,1,1,3,1,1,3,1,1,3,1,1,3,1
(2:31:12.704861917) [Solve]   72: .?.???????#.???.?.???????#.???.?.???????#.???.?.???????#.???.?.???????#.?? 1,3,1,1,3,1,1,3,1,1,3,1,1,3,1 = 42037198
(2:31:12.704924917) [Solve]   73: ..???????#?##?#???..???????#?##?#???..???????#?##?#???..???????#?##?#???..???????#?##?#?? 3,9,3,9,3,9,3,9,3,9
(2:31:12.775763625) [Solve]   73: ..???????#?##?#???..???????#?##?#???..???????#?##?#???..???????#?##?#???..???????#?##?#?? 3,9,3,9,3,9,3,9,3,9 = 60000
(2:31:12.775868542) [Solve]   74: ??.?#????????#?..#?????.?#????????#?..#?????.?#????????#?..#?????.?#????????#?..#?????.?#????????#?..#?? 1,12,1,1,12,1,1,12,1,1,12,1,1,12,1
(2:31:12.778550042) [Solve]   74: ??.?#????????#?..#?????.?#????????#?..#?????.?#????????#?..#?????.?#????????#?..#?????.?#????????#?..#?? 1,12,1,1,12,1,1,12,1,1,12,1,1,12,1 = 512
(2:31:12.778559708) [Solve]   75: ..??#?#??..????.??..??#?#??..????.??..??#?#??..????.??..??#?#??..????.??..??#?#??..????.? 1,5,3,1,1,5,3,1,1,5,3,1,1,5,3,1,1,5,3,1
(2:31:12.781694917) [Solve]   75: ..??#?#??..????.??..??#?#??..????.??..??#?#??..????.??..??#?#??..????.??..??#?#??..????.? 1,5,3,1,1,5,3,1,1,5,3,1,1,5,3,1,1,5,3,1 = 512
(2:31:12.781706083) [Solve]   76: .#?.?...?.??.?.#?.?...?.??.?.#?.?...?.??.?.#?.?...?.??.?.#?.?...?.??. 1,1,1,1,1,1,1,1,1,1,1,1,1,1,1
(2:31:14.261709333) [Solve]   76: .#?.?...?.??.?.#?.?...?.??.?.#?.?...?.??.?.#?.?...?.??.?.#?.?...?.??. 1,1,1,1,1,1,1,1,1,1,1,1,1,1,1 = 720005
(2:31:14.261736042) [Solve]   77: ??#??.?#??????.?????#??.?#??????.?????#??.?#??????.?????#??.?#??????.?????#??.?#??????.?? 4,1,1,1,4,1,1,1,4,1,1,1,4,1,1,1,4,1,1,1
(2:38:30.963459500) [Solve]   77: ??#??.?#??????.?????#??.?#??????.?????#??.?#??????.?????#??.?#??????.?????#??.?#??????.?? 4,1,1,1,4,1,1,1,4,1,1,1,4,1,1,1,4,1,1,1 = 421827402
(2:38:30.963528083) [Solve]   78: .#??##??#???.#??##??#???.#??##??#???.#??##??#???.#??##??#?? 1,6,1,6,1,6,1,6,1,6
(2:38:30.963861208) [Solve]   78: .#??##??#???.#??##??#???.#??##??#???.#??##??#???.#??##??#?? 1,6,1,6,1,6,1,6,1,6 = 32
(2:38:30.963871125) [Solve]   79: ??..#???.???.????..#???.???.????..#???.???.????..#???.???.????..#???.???.? 1,1,1,1,1,1,1,1,1,1
(2:38:33.549970042) [Solve]   79: ??..#???.???.????..#???.???.????..#???.???.????..#???.???.????..#???.???.? 1,1,1,1,1,1,1,1,1,1 = 789338
(2:38:33.550000958) [Solve]   80: ???#??..?.????#??..?.????#??..?.????#??..?.????#??..?. 6,1,6,1,6,1,6,1,6,1
(2:38:33.550108333) [Solve]   80: ???#??..?.????#??..?.????#??..?.????#??..?.????#??..?. 6,1,6,1,6,1,6,1,6,1 = 16
(2:38:33.550112583) [Solve]   81: ??.??.#?????#.?#?????.??.#?????#.?#?????.??.#?????#.?#?????.??.#?????#.?#?????.??.#?????#.?#?? 2,4,2,2,2,4,2,2,2,4,2,2,2,4,2,2,2,4,2,2
(2:38:33.676153875) [Solve]   81: ??.??.#?????#.?#?????.??.#?????#.?#?????.??.#?????#.?#?????.??.#?????#.?#?????.??.#?????#.?#?? 2,4,2,2,2,4,2,2,2,4,2,2,2,4,2,2,2,4,2,2 = 38844
(2:38:33.676187667) [Solve]   82: ???..?????.?#??#.??????..?????.?#??#.??????..?????.?#??#.??????..?????.?#??#.??????..?????.?#??#.?? 1,4,5,1,4,5,1,4,5,1,4,5,1,4,5
(2:38:34.685894958) [Solve]   82: ???..?????.?#??#.??????..?????.?#??#.??????..?????.?#??#.??????..?????.?#??#.??????..?????.?#??#.?? 1,4,5,1,4,5,1,4,5,1,4,5,1,4,5 = 171366
(2:38:34.685961792) [Solve]   83: ...?#??#??..??#?##??...?#??#??..??#?##??...?#??#??..??#?##??...?#??#??..??#?##??...?#??#??..??#?##? 6,4,6,4,6,4,6,4,6,4
(2:38:34.686199458) [Solve]   83: ...?#??#??..??#?##??...?#??#??..??#?##??...?#??#??..??#?##??...?#??#??..??#?##??...?#??#??..??#?##? 6,4,6,4,6,4,6,4,6,4 = 32
(2:38:34.686204417) [Solve]   84: .?#?##?.??.??##??#..?.?#?##?.??.??##??#..?.?#?##?.??.??##??#..?.?#?##?.??.??##??#..?.?#?##?.??.??##??#.. 6,7,6,7,6,7,6,7,6,7
(2:38:34.686239875) [Solve]   84: .?#?##?.??.??##??#..?.?#?##?.??.??##??#..?.?#?##?.??.??##??#..?.?#?##?.??.??##??#..?.?#?##?.??.??##??#.. 6,7,6,7,6,7,6,7,6,7 = 1
(2:38:34.686243042) [Solve]   85: ???????#????????????#????????????#????????????#????????????#???? 2,4,2,4,2,4,2,4,2,4
(2:38:39.684288958) [Solve]   85: ???????#????????????#????????????#????????????#????????????#???? 2,4,2,4,2,4,2,4,2,4 = 6423860
(2:38:39.684353583) [Solve]   86: #?.#?????#??..????#?.#?????#??..????#?.#?????#??..????#?.#?????#??..????#?.#?????#??..??? 1,2,4,3,1,2,4,3,1,2,4,3,1,2,4,3,1,2,4,3
(2:38:39.695886750) [Solve]   86: #?.#?????#??..????#?.#?????#??..????#?.#?????#??..????#?.#?????#??..????#?.#?????#??..??? 1,2,4,3,1,2,4,3,1,2,4,3,1,2,4,3,1,2,4,3 = 1875
(2:38:39.695903250) [Solve]   87: ?????????#???????????#???????????#???????????#???????????#? 1,6,1,1,6,1,1,6,1,1,6,1,1,6,1
(2:38:39.701692250) [Solve]   87: ?????????#???????????#???????????#???????????#???????????#? 1,6,1,1,6,1,1,6,1,1,6,1,1,6,1 = 81
(2:38:39.701709333) [Solve]   88: ?.?##??.#.???.?##??.#.???.?##??.#.???.?##??.#.???.?##??.#.? 4,1,4,1,4,1,4,1,4,1
(2:38:39.701901000) [Solve]   88: ?.?##??.#.???.?##??.#.???.?##??.#.???.?##??.#.???.?##??.#.? 4,1,4,1,4,1,4,1,4,1 = 32
(2:38:39.701909375) [Solve]   89: #?????#.?.?#??#????#?????#.?.?#??#????#?????#.?.?#??#????#?????#.?.?#??#????#?????#.?.?#??#??? 1,5,1,1,2,1,1,5,1,1,2,1,1,5,1,1,2,1,1,5,1,1,2,1,1,5,1,1,2,1
(2:38:39.703793125) [Solve]   89: #?????#.?.?#??#????#?????#.?.?#??#????#?????#.?.?#??#????#?????#.?.?#??#????#?????#.?.?#??#??? 1,5,1,1,2,1,1,5,1,1,2,1,1,5,1,1,2,1,1,5,1,1,2,1,1,5,1,1,2,1 = 243
(2:38:39.703807167) [Solve]   90: ???.?????.#??#.?#????.?????.#??#.?#????.?????.#??#.?#????.?????.#??#.?#????.?????.#??#.?# 1,4,1,1,1,1,4,1,1,1,1,4,1,1,1,1,4,1,1,1,1,4,1,1,1
(2:38:41.901151125) [Solve]   90: ???.?????.#??#.?#????.?????.#??#.?#????.?????.#??#.?#????.?????.#??#.?#????.?????.#??#.?# 1,4,1,1,1,1,4,1,1,1,1,4,1,1,1,1,4,1,1,1,1,4,1,1,1 = 7776
(2:38:41.901210708) [Solve]   91: ..?..?#???..?.?#??..?..?#???..?.?#??..?..?#???..?.?#??..?..?#???..?.?#??..?..?#???..?.?#? 4,1,4,1,4,1,4,1,4,1
(2:38:41.902912500) [Solve]   91: ..?..?#???..?.?#??..?..?#???..?.?#??..?..?#???..?.?#??..?..?#???..?.?#??..?..?#???..?.?#? 4,1,4,1,4,1,4,1,4,1 = 32
(2:38:41.902926958) [Solve]   92: ##.??????##??#?????##.??????##??#?????##.??????##??#?????##.??????##??#?????##.??????##??#???? 2,1,1,2,1,2,2,1,1,2,1,2,2,1,1,2,1,2,2,1,1,2,1,2,2,1,1,2,1,2
(2:38:42.799109125) [Solve]   92: ##.??????##??#?????##.??????##??#?????##.??????##??#?????##.??????##??#?????##.??????##??#???? 2,1,1,2,1,2,2,1,1,2,1,2,2,1,1,2,1,2,2,1,1,2,1,2,2,1,1,2,1,2 = 248832
(2:38:42.799180458) [Solve]   93: #?.#????#?#????#??#?.#????#?#????#??#?.#????#?#????#??#?.#????#?#????#??#?.#????#?#????#? 2,1,3,7,2,1,3,7,2,1,3,7,2,1,3,7,2,1,3,7
(2:38:42.799272458) [Solve]   93: #?.#????#?#????#??#?.#????#?#????#??#?.#????#?#????#??#?.#????#?#????#??#?.#????#?#????#? 2,1,3,7,2,1,3,7,2,1,3,7,2,1,3,7,2,1,3,7 = 1
(2:38:42.799277333) [Solve]   94: .?#?##?#????#?????.?#?##?#????#?????.?#?##?#????#?????.?#?##?#????#?????.?#?##?#????#???? 12,1,12,1,12,1,12,1,12,1
(2:38:42.814412458) [Solve]   94: .?#?##?#????#?????.?#?##?#????#?????.?#?##?#????#?????.?#?##?#????#?????.?#?##?#????#???? 12,1,12,1,12,1,12,1,12,1 = 13645
(2:38:42.814425625) [Solve]   95: ?????????#?????????????#?????????????#?????????????#?????????????#??? 1,3,1,3,1,3,1,3,1,3
(2:39:10.847341292) [Solve]   95: ?????????#?????????????#?????????????#?????????????#?????????????#??? 1,3,1,3,1,3,1,3,1,3 = 23279991
(2:39:10.847401083) [Solve]   96: ????##?.#?????#.?????##?.#?????#.?????##?.#?????#.?????##?.#?????#.?????##?.#?????#. 1,2,2,2,1,2,2,2,1,2,2,2,1,2,2,2,1,2,2,2
(2:39:10.923198667) [Solve]   96: ????##?.#?????#.?????##?.#?????#.?????##?.#?????#.?????##?.#?????#.?????##?.#?????#. 1,2,2,2,1,2,2,2,1,2,2,2,1,2,2,2,1,2,2,2 = 3531
(2:39:10.923226500) [Solve]   97: #.?.????#???.#??#????#.?.????#???.#??#????#.?.????#???.#??#????#.?.????#???.#??#????#.?.????#???.#??#??? 1,1,3,4,5,1,1,3,4,5,1,1,3,4,5,1,1,3,4,5,1,1,3,4,5
(2:39:10.923742375) [Solve]   97: #.?.????#???.#??#????#.?.????#???.#??#????#.?.????#???.#??#????#.?.????#???.#??#????#.?.????#???.#??#??? 1,1,3,4,5,1,1,3,4,5,1,1,3,4,5,1,1,3,4,5,1,1,3,4,5 = 16
(2:39:10.923755125) [Solve]   98: ?#??#?#.?##.?####???#??#?#.?##.?####???#??#?#.?##.?####???#??#?#.?##.?####???#??#?#.?##.?####? 7,3,4,7,3,4,7,3,4,7,3,4,7,3,4
(2:39:10.923788583) [Solve]   98: ?#??#?#.?##.?####???#??#?#.?##.?####???#??#?#.?##.?####???#??#?#.?##.?####???#??#?#.?##.?####? 7,3,4,7,3,4,7,3,4,7,3,4,7,3,4 = 1
(2:39:10.923793083) [Solve]   99: ????????#?#.?????????#?#.?????????#?#.?????????#?#.?????????#?#. 3,2,1,1,3,2,1,1,3,2,1,1,3,2,1,1,3,2,1,1
(2:39:11.005175417) [Solve]   99: ????????#?#.?????????#?#.?????????#?#.?????????#?#.?????????#?#. 3,2,1,1,3,2,1,1,3,2,1,1,3,2,1,1,3,2,1,1 = 11139
(2:39:11.005193083) [Solve]  100: ??????#?#??#?????????#?#??#?????????#?#??#?????????#?#??#?????????#?#??#?? 6,2,6,2,6,2,6,2,6,2
(2:39:11.038478333) [Solve]  100: ??????#?#??#?????????#?#??#?????????#?#??#?????????#?#??#?????????#?#??#?? 6,2,6,2,6,2,6,2,6,2 = 10667
(2:39:11.038491458) [Solve]  101: ???.????...??????.????...??????.????...??????.????...??????.????...?? 2,4,2,4,2,4,2,4,2,4
(2:39:11.100492458) [Solve]  101: ???.????...??????.????...??????.????...??????.????...??????.????...?? 2,4,2,4,2,4,2,4,2,4 = 1250
(2:39:11.100522875) [Solve]  102: ??##???##..?????##???##..?????##???##..?????##???##..?????##???##..?? 5,2,5,2,5,2,5,2,5,2
(2:39:11.101196083) [Solve]  102: ??##???##..?????##???##..?????##???##..?????##???##..?????##???##..?? 5,2,5,2,5,2,5,2,5,2 = 162
(2:39:11.101202625) [Solve]  103: ??#.#?.?#??????#.#?.?#??????#.#?.?#??????#.#?.?#??????#.#?.?#??? 1,2,2,2,1,2,2,2,1,2,2,2,1,2,2,2,1,2,2,2
(2:39:11.106062958) [Solve]  103: ??#.#?.?#??????#.#?.?#??????#.#?.?#??????#.#?.?#??????#.#?.?#??? 1,2,2,2,1,2,2,2,1,2,2,2,1,2,2,2,1,2,2,2 = 625
(2:39:11.106079167) [Solve]  104: ?#????#??#????????#????#??#????????#????#??#????????#????#??#????????#????#??#?????? 1,1,2,1,2,1,1,2,1,2,1,1,2,1,2,1,1,2,1,2,1,1,2,1,2
(2:43:34.380733042) [Solve]  104: ?#????#??#????????#????#??#????????#????#??#????????#????#??#????????#????#??#?????? 1,1,2,1,2,1,1,2,1,2,1,1,2,1,2,1,1,2,1,2,1,1,2,1,2 = 134812868
(2:43:34.380796958) [Solve]  105: ??.?#?#?#??..?????????.?#?#?#??..?????????.?#?#?#??..?????????.?#?#?#??..?????????.?#?#?#??..?????? 6,2,6,2,6,2,6,2,6,2
(2:43:34.880694958) [Solve]  105: ??.?#?#?#??..?????????.?#?#?#??..?????????.?#?#?#??..?????????.?#?#?#??..?????????.?#?#?#??..?????? 6,2,6,2,6,2,6,2,6,2 = 655360
(2:43:34.880750167) [Solve]  106: ???????#??.??????#?????????#??.??????#?????????#??.??????#?????????#??.??????#?????????#??.??????#? 1,4,3,2,1,2,1,4,3,2,1,2,1,4,3,2,1,2,1,4,3,2,1,2,1,4,3,2,1,2
(2:43:34.915544292) [Solve]  106: ???????#??.??????#?????????#??.??????#?????????#??.??????#?????????#??.??????#?????????#??.??????#? 1,4,3,2,1,2,1,4,3,2,1,2,1,4,3,2,1,2,1,4,3,2,1,2,1,4,3,2,1,2 = 9604
(2:43:34.915558958) [Solve]  107: ..#??#???##????..#??#???##????..#??#???##????..#??#???##????..#??#???##??? 9,1,9,1,9,1,9,1,9,1
(2:43:34.916212000) [Solve]  107: ..#??#???##????..#??#???##????..#??#???##????..#??#???##????..#??#???##??? 9,1,9,1,9,1,9,1,9,1 = 250
(2:43:34.916221083) [Solve]  108: ???...?????????...?????????...?????????...?????????...????? 1,1,2,1,1,2,1,1,2,1,1,2,1,1,2
(2:44:10.321853583) [Solve]  108: ???...?????????...?????????...?????????...?????????...????? 1,1,2,1,1,2,1,1,2,1,1,2,1,1,2 = 16620742
(2:44:10.321923625) [Solve]  109: ??#??..???#???.#????#??..???#???.#????#??..???#???.#????#??..???#???.#????#??..???#???.#? 1,3,1,4,1,1,3,1,4,1,1,3,1,4,1,1,3,1,4,1,1,3,1,4,1
(2:44:10.407014458) [Solve]  109: ??#??..???#???.#????#??..???#???.#????#??..???#???.#????#??..???#???.#????#??..???#???.#? 1,3,1,4,1,1,3,1,4,1,1,3,1,4,1,1,3,1,4,1,1,3,1,4,1 = 19683
(2:44:10.407150500) [Solve]  110: ??.#?.???#?#?.????.#?.???#?#?.????.#?.???#?#?.????.#?.???#?#?.????.#?.???#?#?.? 2,2,1,4,1,2,2,1,4,1,2,2,1,4,1,2,2,1,4,1,2,2,1,4,1
(2:44:10.408891042) [Solve]  110: ??.#?.???#?#?.????.#?.???#?#?.????.#?.???#?#?.????.#?.???#?#?.????.#?.???#?#?.? 2,2,1,4,1,2,2,1,4,1,2,2,1,4,1,2,2,1,4,1,2,2,1,4,1 = 243
(2:44:10.408905250) [Solve]  111: #????##??#..???#????##??#..???#????##??#..???#????##??#..???#????##??#..?? 1,5,1,5,1,5,1,5,1,5
(2:44:10.409255208) [Solve]  111: #????##??#..???#????##??#..???#????##??#..???#????##??#..???#????##??#..?? 1,5,1,5,1,5,1,5,1,5 = 1
(2:44:10.409267250) [Solve]  112: .????.?#????.????.?#????.????.?#????.????.?#????.????.?#??? 2,1,2,1,2,1,2,1,2,1
(2:44:11.223190292) [Solve]  112: .????.?#????.????.?#????.????.?#????.????.?#????.????.?#??? 2,1,2,1,2,1,2,1,2,1 = 377584
(2:44:11.223251375) [Solve]  113: ?#?#.?.?.????##??#?#.?.?.????##??#?#.?.?.????##??#?#.?.?.????##??#?#.?.?.????## 1,1,1,1,2,1,1,1,1,2,1,1,1,1,2,1,1,1,1,2,1,1,1,1,2
(2:44:11.323393167) [Solve]  113: ?#?#.?.?.????##??#?#.?.?.????##??#?#.?.?.????##??#?#.?.?.????##??#?#.?.?.????## 1,1,1,1,2,1,1,1,1,2,1,1,1,1,2,1,1,1,1,2,1,1,1,1,2 = 32768
(2:44:11.323411667) [Solve]  114: ???#?????.?#??#.?????#?????.?#??#.?????#?????.?#??#.?????#?????.?#??#.?????#?????.?#??#.? 4,1,4,1,4,1,4,1,4,1,4,1,4,1,4,1,4,1,4,1
(2:44:17.417347917) [Solve]  114: ???#?????.?#??#.?????#?????.?#??#.?????#?????.?#??#.?????#?????.?#??#.?????#?????.?#??#.? 4,1,4,1,4,1,4,1,4,1,4,1,4,1,4,1,4,1,4,1 = 1600000
(2:44:17.417401125) [Solve]  115: ?.??.?.?##????.??.?.?##????.??.?.?##????.??.?.?##????.??.?.?##?? 1,1,1,4,1,1,1,4,1,1,1,4,1,1,1,4,1,1,1,4
(2:44:17.432087542) [Solve]  115: ?.??.?.?##????.??.?.?##????.??.?.?##????.??.?.?##????.??.?.?##?? 1,1,1,4,1,1,1,4,1,1,1,4,1,1,1,4,1,1,1,4 = 5184
(2:44:17.432107417) [Solve]  116: ##??#????#.?..#?#?##??#????#.?..#?#?##??#????#.?..#?#?##??#????#.?..#?#?##??#????#.?..#?# 3,4,1,1,3,3,4,1,1,3,3,4,1,1,3,3,4,1,1,3,3,4,1,1,3
(2:44:17.432160667) [Solve]  116: ##??#????#.?..#?#?##??#????#.?..#?#?##??#????#.?..#?#?##??#????#.?..#?#?##??#????#.?..#?# 3,4,1,1,3,3,4,1,1,3,3,4,1,1,3,3,4,1,1,3,3,4,1,1,3 = 1
(2:44:17.432165708) [Solve]  117: .#..??.??#???.#..??.??#???.#..??.??#???.#..??.??#???.#..??.??#?? 1,2,3,1,2,3,1,2,3,1,2,3,1,2,3
(2:44:17.433129792) [Solve]  117: .#..??.??#???.#..??.??#???.#..??.??#???.#..??.??#???.#..??.??#?? 1,2,3,1,2,3,1,2,3,1,2,3,1,2,3 = 243
(2:44:17.433142250) [Solve]  118: ????.##.???????.##.???????.##.???????.##.???????.##.?? 1,2,1,1,2,1,1,2,1,1,2,1,1,2,1
(2:44:18.260670500) [Solve]  118: ????.##.???????.##.???????.##.???????.##.???????.##.?? 1,2,1,1,2,1,1,2,1,1,2,1,1,2,1 = 405000
(2:44:18.260733083) [Solve]  119: #..?????????#?#..?????????#?#..?????????#?#..?????????#?#..?????????# 1,5,2,1,1,5,2,1,1,5,2,1,1,5,2,1,1,5,2,1
(2:44:18.260868333) [Solve]  119: #..?????????#?#..?????????#?#..?????????#?#..?????????#?#..?????????# 1,5,2,1,1,5,2,1,1,5,2,1,1,5,2,1,1,5,2,1 = 1
(2:44:18.260873250) [Solve]  120: ?#?#????#????????#?#????#????????#?#????#????????#?#????#????????#?#????#?????? 2,1,3,2,1,2,1,3,2,1,2,1,3,2,1,2,1,3,2,1,2,1,3,2,1
(2:44:18.274574625) [Solve]  120: ?#?#????#????????#?#????#????????#?#????#????????#?#????#????????#?#????#?????? 2,1,3,2,1,2,1,3,2,1,2,1,3,2,1,2,1,3,2,1,2,1,3,2,1 = 1024
(2:44:18.274590792) [Solve]  121: ?#?.?##?#????#?.?##?#????#?.?##?#????#?.?##?#????#?.?##?#?? 2,5,1,2,5,1,2,5,1,2,5,1,2,5,1
(2:44:18.277097167) [Solve]  121: ?#?.?##?#????#?.?##?#????#?.?##?#????#?.?##?#????#?.?##?#?? 2,5,1,2,5,1,2,5,1,2,5,1,2,5,1 = 512
(2:44:18.277106208) [Solve]  122: ??#????.??????#????.??????#????.??????#????.??????#????.??? 7,1,7,1,7,1,7,1,7,1
(2:44:18.284601458) [Solve]  122: ??#????.??????#????.??????#????.??????#????.??????#????.??? 7,1,7,1,7,1,7,1,7,1 = 8187
(2:44:18.284616792) [Solve]  123: ?#???#?.?.?.??.??#???#?.?.?.??.??#???#?.?.?.??.??#???#?.?.?.??.??#???#?.?.?.??. 1,4,1,1,1,4,1,1,1,4,1,1,1,4,1,1,1,4,1,1
(2:44:18.590106500) [Solve]  123: ?#???#?.?.?.??.??#???#?.?.?.??.??#???#?.?.?.??.??#???#?.?.?.??.??#???#?.?.?.??. 1,4,1,1,1,4,1,1,1,4,1,1,1,4,1,1,1,4,1,1 = 154289
(2:44:18.590162500) [Solve]  124: .????##.#.??#??#????.????##.#.??#??#????.????##.#.??#??#????.????##.#.??#??#????.????##.#.??#??#??? 6,1,1,7,6,1,1,7,6,1,1,7,6,1,1,7,6,1,1,7
(2:44:18.590205625) [Solve]  124: .????##.#.??#??#????.????##.#.??#??#????.????##.#.??#??#????.????##.#.??#??#????.????##.#.??#??#??? 6,1,1,7,6,1,1,7,6,1,1,7,6,1,1,7,6,1,1,7 = 1
(2:44:18.590209500) [Solve]  125: .???????#?##???.???????#?##???.???????#?##???.???????#?##???.???????#?##?? 2,7,2,7,2,7,2,7,2,7
(2:44:18.977741167) [Solve]  125: .???????#?##???.???????#?##???.???????#?##???.???????#?##???.???????#?##?? 2,7,2,7,2,7,2,7,2,7 = 413712
(2:44:18.977804542) [Solve]  126: ?.?#?#???#?#.??.???.??.?#?#???#?#.??.???.??.?#?#???#?#.??.???.??.?#?#???#?#.??.???.??.?#?#???#?#.??.???. 1,1,1,5,2,3,1,1,1,5,2,3,1,1,1,5,2,3,1,1,1,5,2,3,1,1,1,5,2,3
(2:44:18.978175500) [Solve]  126: ?.?#?#???#?#.??.???.??.?#?#???#?#.??.???.??.?#?#???#?#.??.???.??.?#?#???#?#.??.???.??.?#?#???#?#.??.???. 1,1,1,5,2,3,1,1,1,5,2,3,1,1,1,5,2,3,1,1,1,5,2,3,1,1,1,5,2,3 = 16
(2:44:18.978185042) [Solve]  127: ????#?#?.?????.#?????#?#?.?????.#?????#?#?.?????.#?????#?#?.?????.#?????#?#?.?????.# 6,2,1,6,2,1,6,2,1,6,2,1,6,2,1
(2:44:19.066770542) [Solve]  127: ????#?#?.?????.#?????#?#?.?????.#?????#?#?.?????.#?????#?#?.?????.#?????#?#?.?????.# 6,2,1,6,2,1,6,2,1,6,2,1,6,2,1 = 32768
(2:44:19.066788917) [Solve]  128: ???..#??.?..#??.??.????..#??.?..#??.??.????..#??.?..#??.??.????..#??.?..#??.??.????..#??.?..#??.??. 2,1,2,1,2,1,2,1,2,1
(2:44:19.083613375) [Solve]  128: ???..#??.?..#??.??.????..#??.?..#??.??.????..#??.?..#??.??.????..#??.?..#??.??.????..#??.?..#??.??. 2,1,2,1,2,1,2,1,2,1 = 1
(2:44:19.083627042) [Solve]  129: ?.?.???#?..??.?.???#?..??.?.???#?..??.?.???#?..??.?.???#?.. 1,3,1,3,1,3,1,3,1,3
(2:44:19.105371000) [Solve]  129: ?.?.???#?..??.?.???#?..??.?.???#?..??.?.???#?..??.?.???#?.. 1,3,1,3,1,3,1,3,1,3 = 12005
(2:44:19.105419625) [Solve]  130: ?#????..???.????#????..???.????#????..???.????#????..???.????#????..???.?? 3,1,1,1,3,1,1,1,3,1,1,1,3,1,1,1,3,1,1,1
(2:49:38.906051708) [Solve]  130: ?#????..???.????#????..???.????#????..???.????#????..???.????#????..???.?? 3,1,1,1,3,1,1,1,3,1,1,1,3,1,1,1,3,1,1,1 = 233289672
(2:49:38.906117000) [Solve]  131: #??.?.?#???#??.?.?#???#??.?.?#???#??.?.?#???#??.?.?#?? 3,1,1,3,1,1,3,1,1,3,1,1,3,1,1
(2:49:38.911001000) [Solve]  131: #??.?.?#???#??.?.?#???#??.?.?#???#??.?.?#???#??.?.?#?? 3,1,1,3,1,1,3,1,1,3,1,1,3,1,1 = 1305
(2:49:38.911012542) [Solve]  132: ?????.???????????.???????????.???????????.???????????.????? 4,5,4,5,4,5,4,5,4,5
(2:49:38.911600042) [Solve]  132: ?????.???????????.???????????.???????????.???????????.????? 4,5,4,5,4,5,4,5,4,5 = 162
(2:49:38.911609292) [Solve]  133: ??????????#??#??????????????#??#??????????????#??#??????????????#??#??????????????#??#??? 4,1,1,1,4,4,1,1,1,4,4,1,1,1,4,4,1,1,1,4,4,1,1,1,4
(2:49:40.991347167) [Solve]  133: ??????????#??#??????????????#??#??????????????#??#??????????????#??#??????????????#??#??? 4,1,1,1,4,4,1,1,1,4,4,1,1,1,4,4,1,1,1,4,4,1,1,1,4 = 752172
(2:49:40.991377042) [Solve]  134: ??#?.???#??.?????#?#???#?.???#??.?????#?#???#?.???#??.?????#?#???#?.???#??.?????#?#???#?.???#??.?????#?# 2,1,4,1,1,1,2,1,4,1,1,1,2,1,4,1,1,1,2,1,4,1,1,1,2,1,4,1,1,1
(2:49:50.630717875) [Solve]  134: ??#?.???#??.?????#?#???#?.???#??.?????#?#???#?.???#??.?????#?#???#?.???#??.?????#?#???#?.???#??.?????#?# 2,1,4,1,1,1,2,1,4,1,1,1,2,1,4,1,1,1,2,1,4,1,1,1,2,1,4,1,1,1 = 1587688
(2:49:50.630789417) [Solve]  135: ###.??.?#???#???###.??.?#???#???###.??.?#???#???###.??.?#???#???###.??.?#???#?? 3,1,6,1,3,1,6,1,3,1,6,1,3,1,6,1,3,1,6,1
(2:49:50.631088208) [Solve]  135: ###.??.?#???#???###.??.?#???#???###.??.?#???#???###.??.?#???#???###.??.?#???#?? 3,1,6,1,3,1,6,1,3,1,6,1,3,1,6,1,3,1,6,1 = 32
(2:49:50.631093125) [Solve]  136: ???##???.?##???##??????##???.?##???##??????##???.?##???##??????##???.?##???##??????##???.?##???##?? 5,8,5,8,5,8,5,8,5,8
(2:49:50.673017167) [Solve]  136: ???##???.?##???##??????##???.?##???##??????##???.?##???##??????##???.?##???##??????##???.?##???##?? 5,8,5,8,5,8,5,8,5,8 = 32768
(2:49:50.673043833) [Solve]  137: ..???##???#?.#?..???##???#?.#?..???##???#?.#?..???##???#?.#?..???##???#?.# 6,2,1,6,2,1,6,2,1,6,2,1,6,2,1
(2:49:50.674538375) [Solve]  137: ..???##???#?.#?..???##???#?.#?..???##???#?.#?..???##???#?.#?..???##???#?.# 6,2,1,6,2,1,6,2,1,6,2,1,6,2,1 = 243
(2:49:50.674552667) [Solve]  138: ??..???????#???????..???????#???????..???????#???????..???????#???????..???????#???? 1,1,3,1,1,1,1,3,1,1,1,1,3,1,1,1,1,3,1,1,1,1,3,1,1

(10:07:50.882632750) [Solve]  138: ??..???????#???????..???????#???????..???????#???????..???????#???????..???????#???? 1,1,3,1,1,1,1,3,1,1,1,1,3,1,1,1,1,3,1,1,1,1,3,1,1 = 6941083200
(10:07:50.882682542) [Solve]  139: ..????#.???.?..????#.???.?..????#.???.?..????#.???.?..????#.???. 1,1,3,1,1,3,1,1,3,1,1,3,1,1,3
(10:07:50.957797333) [Solve]  139: ..????#.???.?..????#.???.?..????#.???.?..????#.???.?..????#.???. 1,1,3,1,1,3,1,1,3,1,1,3,1,1,3 = 10107
(10:07:50.957839042) [Solve]  140: ???..??#??#???#???????..??#??#???#???????..??#??#???#???????..??#??#???#???????..??#??#???#??? 2,4,2,2,4,2,2,4,2,2,4,2,2,4,2
(10:07:51.524851208) [Solve]  140: ???..??#??#???#???????..??#??#???#???????..??#??#???#???????..??#??#???#???????..??#??#???#??? 2,4,2,2,4,2,2,4,2,2,4,2,2,4,2 = 92277
(10:07:51.524873833) [Solve]  141: ??#??#???????##????#??#???????##????#??#???????##????#??#???????##????#??#???????##? 1,1,5,2,1,1,5,2,1,1,5,2,1,1,5,2,1,1,5,2
(10:07:51.749006917) [Solve]  141: ??#??#???????##????#??#???????##????#??#???????##????#??#???????##????#??#???????##? 1,1,5,2,1,1,5,2,1,1,5,2,1,1,5,2,1,1,5,2 = 14190
(10:07:51.749039125) [Solve]  142: .#??#?###..?????#..?.#??#?###..?????#..?.#??#?###..?????#..?.#??#?###..?????#..?.#??#?###..?????#.. 8,2,1,1,8,2,1,1,8,2,1,1,8,2,1,1,8,2,1,1
(10:07:51.753127292) [Solve]  142: .#??#?###..?????#..?.#??#?###..?????#..?.#??#?###..?????#..?.#??#?###..?????#..?.#??#?###..?????#.. 8,2,1,1,8,2,1,1,8,2,1,1,8,2,1,1,8,2,1,1 = 256
(10:07:51.753139333) [Solve]  143: .???????????.???????????.???????????.???????????.?????????? 1,4,1,4,1,4,1,4,1,4
(10:08:02.129677750) [Solve]  143: .???????????.???????????.???????????.???????????.?????????? 1,4,1,4,1,4,1,4,1,4 = 17668660
(10:08:02.129704833) [Solve]  144: ??##???????.##?.?????##???????.##?.?????##???????.##?.?????##???????.##?.?????##???????.##?.?? 5,2,5,2,5,2,5,2,5,2
(10:08:02.136870042) [Solve]  144: ??##???????.##?.?????##???????.##?.?????##???????.##?.?????##???????.##?.?????##???????.##?.?? 5,2,5,2,5,2,5,2,5,2 = 768
(10:08:02.136895167) [Solve]  145: ?###?.????#??##??#????###?.????#??##??#????###?.????#??##??#????###?.????#??##??#????###?.????#??##??#?? 5,11,1,5,11,1,5,11,1,5,11,1,5,11,1
(10:08:02.136957250) [Solve]  145: ?###?.????#??##??#????###?.????#??##??#????###?.????#??##??#????###?.????#??##??#????###?.????#??##??#?? 5,11,1,5,11,1,5,11,1,5,11,1,5,11,1 = 1
(10:08:02.136961958) [Solve]  146: .?##????????.?##????????.?##????????.?##????????.?##??????? 3,1,2,3,1,2,3,1,2,3,1,2,3,1,2
(10:08:02.994953667) [Solve]  146: .?##????????.?##????????.?##????????.?##????????.?##??????? 3,1,2,3,1,2,3,1,2,3,1,2,3,1,2 = 589824
(10:08:02.994978750) [Solve]  147: .?##???.?#?#?##?.?##???.?#?#?##?.?##???.?#?#?##?.?##???.?#?#?##?.?##???.?#?#?## 4,7,4,7,4,7,4,7,4,7
(10:08:02.996521250) [Solve]  147: .?##???.?#?#?##?.?##???.?#?#?##?.?##???.?#?#?##?.?##???.?#?#?##?.?##???.?#?#?## 4,7,4,7,4,7,4,7,4,7 = 512
(10:08:02.996529083) [Solve]  148: ?????##?????????##?????????##?????????##?????????##??? 2,4,1,2,4,1,2,4,1,2,4,1,2,4,1
(10:08:03.022937208) [Solve]  148: ?????##?????????##?????????##?????????##?????????##??? 2,4,1,2,4,1,2,4,1,2,4,1,2,4,1 = 7642
(10:08:03.022962000) [Solve]  149: ????##????#????????????##????#????????????##????#????????????##????#????????????##????#??????? 10,1,1,10,1,1,10,1,1,10,1,1,10,1,1
(10:12:10.058054458) [Solve]  149: ????##????#????????????##????#????????????##????#????????????##????#????????????##????#??????? 10,1,1,10,1,1,10,1,1,10,1,1,10,1,1 = 197037015
(10:12:10.058086708) [Solve]  150: ????#???#.?..?????????#???#.?..?????????#???#.?..?????????#???#.?..?????????#???#.?..???? 1,1,1,1,1,1,1,1,1,1
(10:12:10.294377667) [Solve]  150: ????#???#.?..?????????#???#.?..?????????#???#.?..?????????#???#.?..?????????#???#.?..???? 1,1,1,1,1,1,1,1,1,1 = 1
(10:12:10.294408417) [Solve]  151: #??#????.?.??????#??#????.?.??????#??#????.?.??????#??#????.?.??????#??#????.?.????? 4,1,1,2,4,1,1,2,4,1,1,2,4,1,1,2,4,1,1,2
(10:16:26.502620333) [Solve]  151: #??#????.?.??????#??#????.?.??????#??#????.?.??????#??#????.?.??????#??#????.?.????? 4,1,1,2,4,1,1,2,4,1,1,2,4,1,1,2,4,1,1,2 = 207183443
(10:16:26.502647208) [Solve]  152: ?#?.?.??#????#?.?.??#????#?.?.??#????#?.?.??#????#?.?.??#?? 1,1,2,1,1,2,1,1,2,1,1,2,1,1,2
(10:16:26.537773375) [Solve]  152: ?#?.?.??#????#?.?.??#????#?.?.??#????#?.?.??#????#?.?.??#?? 1,1,2,1,1,2,1,1,2,1,1,2,1,1,2 = 12048
(10:16:26.537793583) [Solve]  153: ?????.?#?.??????.?#?.??????.?#?.??????.?#?.??????.?#?. 4,1,4,1,4,1,4,1,4,1
(10:16:26.538457750) [Solve]  153: ?????.?#?.??????.?#?.??????.?#?.??????.?#?.??????.?#?. 4,1,4,1,4,1,4,1,4,1 = 162